<?xml version="1.0" encoding="UTF-8"?>
<testsuite xmlns:xsi="http://www.w3.org/2001/XMLSchema-instance" xsi:noNamespaceSchemaLocation="https://maven.apache.org/surefire/maven-surefire-plugin/xsd/surefire-test-report.xsd" version="3.0.2" name="com.springboot_01.demo.DemoApplicationTests" time="3.223" tests="1" errors="0" skipped="0" failures="0" flakes="0">
  <properties>
[...]
</properties>
  <testcase name="contextLoads" classname="com.springboot_01.demo.DemoApplicationTests" time="0.37">
    <system-out><![CDATA[17:04:06.911 [main] INFO org.springframework.test.context.support.AnnotationConfigContextLoaderUtils -- Could not detect default configuration classes for test class [com.springboot_01.demo.DemoApplicationTests]: DemoApplicationTests does not declare any static, non-private, non-final, nested classes annotated with @Configuration.
17:04:07.004 [main] INFO org.springframework.boot.test.context.SpringBootTestContextBootstrapper -- Found @SpringBootConfiguration com.springboot_01.demo.DemoApplication for test class com.springboot_01.demo.DemoApplicationTests
17:04:07.088 [main] INFO org.springframework.test.context.support.AnnotationConfigContextLoaderUtils -- Could not detect default configuration classes for test class [com.springboot_01.demo.DemoApplicationTests]: DemoApplicationTests does not declare any static, non-private, non-final, nested classes annotated with @Configuration.
17:04:07.090 [main] INFO org.springframework.boot.test.context.SpringBootTestContextBootstrapper -- Found @SpringBootConfiguration com.springboot_01.demo.DemoApplication for test class com.springboot_01.demo.DemoApplicationTests
17:04:07.177 [main] INFO org.springframework.boot.devtools.restart.RestartApplicationListener -- Restart disabled due to context in which it is running

  .   ____          _            __ _ _
 /\\ / ___'_ __ _ _(_)_ __  __ _ \ \ \ \
( ( )\___ | '_ | '_| | '_ \/ _` | \ \ \ \
 \\/  ___)| |_)| | | | | || (_| |  ) ) ) )
  '  |____| .__|_| |_|_| |_\__, | / / / /
 =========|_|==============|___/=/_/_/_/

 :: Spring Boot ::                (v4.0.5)

2026-04-22T17:04:07.433+02:00  INFO 53794 --- [demo] [           main] c.s.demo.DemoApplicationTests            : Starting DemoApplicationTests using Java 25.0.2 with PID 53794 (started by eslam in /home/eslam/IdeaProjects/01-spring-boot-overview/01-spring-boot-demo)
2026-04-22T17:04:07.435+02:00  INFO 53794 --- [demo] [           main] c.s.demo.DemoApplicationTests            : No active profile set, falling back to 1 default profile: "default"
2026-04-22T17:04:09.019+02:00  WARN 53794 --- [demo] [           main] .s.a.UserDetailsServiceAutoConfiguration : 

Using generated security password: 30adb2c1-6043-472c-8fa8-9532362de1b3

This generated password is for development use only. Your security configuration must be updated before running your application in production.

2026-04-22T17:04:09.048+02:00  INFO 53794 --- [demo] [           main] r$InitializeUserDetailsManagerConfigurer : Global AuthenticationManager configured with UserDetailsService bean with name inMemoryUserDetailsManager
2026-04-22T17:04:09.230+02:00  INFO 53794 --- [demo] [           main] o.s.b.a.e.web.EndpointLinksResolver      : Exposing 12 endpoints beneath base path '/actuator'
2026-04-22T17:04:09.483+02:00  INFO 53794 --- [demo] [           main] c.s.demo.DemoApplicationTests            : Started DemoApplicationTests in 2.318 seconds (process running for 3.454)
]]></system-out>
  </testcase>
</testsuite>